<?xml version="1.0"?>
<testsuites>
  <testsuite name="Opera 12.16.0 (Linux)" package="" timestamp="2014-06-18T18:38:51" id="0" hostname="vagrant-VirtualBox" tests="3" errors="0" failures="0" time="10.997">
    <properties>
      <property name="browser.fullName" value="Opera/9.80 (X11; Linux x86_64) Presto/2.12.388 Version/12.16"/>
    </properties>
    <testcase name="ten test suites are display" time="9.178" classname="Opera 12.16.0 (Linux).UnitCover build with eleven test suites"/>
    <testcase name="the latest ten test suites should be display started with the eleven test suite" time="1.103" classname="Opera 12.16.0 (Linux).UnitCover build with eleven test suites"/>
    <testcase name="should redirect products.html to products.html#/builds" time="0.716" classname="Opera 12.16.0 (Linux).UnitCover"/>
    <system-out><![CDATA[
]]></system-out>
    <system-err/>
  </testsuite>
  <testsuite name="Firefox 30.0.0 (Ubuntu)" package="" timestamp="2014-06-18T18:38:51" id="0" hostname="vagrant-VirtualBox" tests="3" errors="0" failures="0" time="10.684">
    <properties>
      <property name="browser.fullName" value="Mozilla/5.0 (X11; Ubuntu; Linux x86_64; rv:30.0) Gecko/20100101 Firefox/30.0"/>
    </properties>
    <testcase name="ten test suites are display" time="9.071" classname="Firefox 30.0.0 (Ubuntu).UnitCover build with eleven test suites"/>
    <testcase name="the latest ten test suites should be display started with the eleven test suite" time="1.149" classname="Firefox 30.0.0 (Ubuntu).UnitCover build with eleven test suites"/>
    <testcase name="should redirect products.html to products.html#/builds" time="0.464" classname="Firefox 30.0.0 (Ubuntu).UnitCover"/>
    <system-out><![CDATA[
]]></system-out>
    <system-err/>
  </testsuite>
</testsuites>